[2024-04-08T14:54:18.615+0000] {taskinstance.py:1979} INFO - Dependencies all met for dep_context=non-requeueable deps ti=<TaskInstance: cassandra_sensor_dag.cassandra_sensor scheduled__2024-04-08T01:25:00+00:00 [queued]>
[2024-04-08T14:54:18.641+0000] {taskinstance.py:1979} INFO - Dependencies all met for dep_context=requeueable deps ti=<TaskInstance: cassandra_sensor_dag.cassandra_sensor scheduled__2024-04-08T01:25:00+00:00 [queued]>
[2024-04-08T14:54:18.643+0000] {taskinstance.py:2193} INFO - Starting attempt 1 of 2
[2024-04-08T14:54:18.680+0000] {taskinstance.py:2217} INFO - Executing <Task(CassandraTableSensor): cassandra_sensor> on 2024-04-08 01:25:00+00:00
[2024-04-08T14:54:18.697+0000] {standard_task_runner.py:60} INFO - Started process 808 to run task
[2024-04-08T14:54:18.710+0000] {standard_task_runner.py:87} INFO - Running: ['***', 'tasks', 'run', 'cassandra_sensor_dag', 'cassandra_sensor', 'scheduled__2024-04-08T01:25:00+00:00', '--job-id', '93', '--raw', '--subdir', 'DAGS_FOLDER/test.py', '--cfg-path', '/tmp/tmpnlqp23k3']
[2024-04-08T14:54:18.723+0000] {standard_task_runner.py:88} INFO - Job 93: Subtask cassandra_sensor
[2024-04-08T14:54:18.931+0000] {task_command.py:423} INFO - Running <TaskInstance: cassandra_sensor_dag.cassandra_sensor scheduled__2024-04-08T01:25:00+00:00 [running]> on host c2d2cc8ff432
[2024-04-08T14:54:19.276+0000] {taskinstance.py:2513} INFO - Exporting env vars: AIRFLOW_CTX_DAG_OWNER='***' AIRFLOW_CTX_DAG_ID='cassandra_sensor_dag' AIRFLOW_CTX_TASK_ID='cassandra_sensor' AIRFLOW_CTX_EXECUTION_DATE='2024-04-08T01:25:00+00:00' AIRFLOW_CTX_TRY_NUMBER='1' AIRFLOW_CTX_DAG_RUN_ID='scheduled__2024-04-08T01:25:00+00:00'
[2024-04-08T14:54:19.292+0000] {table.py:65} INFO - Sensor check existence of table: users
[2024-04-08T14:54:19.443+0000] {base.py:83} INFO - Using connection ID 'cassandra_conn' for task execution.
[2024-04-08T14:54:19.466+0000] {warnings.py:109} WARNING - /home/***/.local/lib/python3.8/site-packages/***/providers/apache/cassandra/hooks/cassandra.py:120: DeprecationWarning: Legacy execution parameters will be removed in 4.0. Consider using execution profiles.
  self.cluster = Cluster(**conn_config)

[2024-04-08T14:54:19.510+0000] {cassandra.py:128} WARNING - Downgrading core protocol version from 66 to 65 for 172.21.0.4:9042. To avoid this, it is best practice to explicitly set Cluster(protocol_version) to the version supported by your cluster. http://datastax.github.io/python-driver/api/cassandra/cluster.html#cassandra.cluster.Cluster.protocol_version
[2024-04-08T14:54:19.518+0000] {cassandra.py:128} WARNING - Downgrading core protocol version from 65 to 5 for 172.21.0.4:9042. To avoid this, it is best practice to explicitly set Cluster(protocol_version) to the version supported by your cluster. http://datastax.github.io/python-driver/api/cassandra/cluster.html#cassandra.cluster.Cluster.protocol_version
[2024-04-08T14:55:20.018+0000] {table.py:65} INFO - Sensor check existence of table: users
[2024-04-08T14:55:20.036+0000] {base.py:83} INFO - Using connection ID 'cassandra_conn' for task execution.
[2024-04-08T14:55:20.043+0000] {cassandra.py:128} WARNING - Downgrading core protocol version from 66 to 65 for 172.21.0.4:9042. To avoid this, it is best practice to explicitly set Cluster(protocol_version) to the version supported by your cluster. http://datastax.github.io/python-driver/api/cassandra/cluster.html#cassandra.cluster.Cluster.protocol_version
[2024-04-08T14:55:20.046+0000] {cassandra.py:128} WARNING - Downgrading core protocol version from 65 to 5 for 172.21.0.4:9042. To avoid this, it is best practice to explicitly set Cluster(protocol_version) to the version supported by your cluster. http://datastax.github.io/python-driver/api/cassandra/cluster.html#cassandra.cluster.Cluster.protocol_version
[2024-04-08T14:56:20.168+0000] {table.py:65} INFO - Sensor check existence of table: users
[2024-04-08T14:56:20.212+0000] {base.py:83} INFO - Using connection ID 'cassandra_conn' for task execution.
[2024-04-08T14:56:20.234+0000] {cassandra.py:128} WARNING - Downgrading core protocol version from 66 to 65 for 172.21.0.4:9042. To avoid this, it is best practice to explicitly set Cluster(protocol_version) to the version supported by your cluster. http://datastax.github.io/python-driver/api/cassandra/cluster.html#cassandra.cluster.Cluster.protocol_version
[2024-04-08T14:56:20.248+0000] {cassandra.py:128} WARNING - Downgrading core protocol version from 65 to 5 for 172.21.0.4:9042. To avoid this, it is best practice to explicitly set Cluster(protocol_version) to the version supported by your cluster. http://datastax.github.io/python-driver/api/cassandra/cluster.html#cassandra.cluster.Cluster.protocol_version
[2024-04-08T14:57:20.536+0000] {table.py:65} INFO - Sensor check existence of table: users
[2024-04-08T14:57:20.705+0000] {base.py:83} INFO - Using connection ID 'cassandra_conn' for task execution.
[2024-04-08T14:57:20.764+0000] {cassandra.py:128} WARNING - Downgrading core protocol version from 66 to 65 for 172.21.0.4:9042. To avoid this, it is best practice to explicitly set Cluster(protocol_version) to the version supported by your cluster. http://datastax.github.io/python-driver/api/cassandra/cluster.html#cassandra.cluster.Cluster.protocol_version
[2024-04-08T14:57:20.783+0000] {cassandra.py:128} WARNING - Downgrading core protocol version from 65 to 5 for 172.21.0.4:9042. To avoid this, it is best practice to explicitly set Cluster(protocol_version) to the version supported by your cluster. http://datastax.github.io/python-driver/api/cassandra/cluster.html#cassandra.cluster.Cluster.protocol_version
[2024-04-08T14:57:21.377+0000] {base.py:295} INFO - Success criteria met. Exiting.
[2024-04-08T14:57:21.653+0000] {taskinstance.py:1149} INFO - Marking task as SUCCESS. dag_id=cassandra_sensor_dag, task_id=cassandra_sensor, execution_date=20240408T012500, start_date=20240408T145418, end_date=20240408T145721
[2024-04-08T14:57:22.030+0000] {local_task_job_runner.py:234} INFO - Task exited with return code 0
[2024-04-08T14:57:23.152+0000] {taskinstance.py:3312} INFO - 1 downstream tasks scheduled from follow-on schedule check
[2024-04-08T15:16:31.235+0000] {taskinstance.py:1979} INFO - Dependencies all met for dep_context=non-requeueable deps ti=<TaskInstance: cassandra_sensor_dag.cassandra_sensor scheduled__2024-04-08T01:25:00+00:00 [queued]>
[2024-04-08T15:16:31.321+0000] {taskinstance.py:1979} INFO - Dependencies all met for dep_context=requeueable deps ti=<TaskInstance: cassandra_sensor_dag.cassandra_sensor scheduled__2024-04-08T01:25:00+00:00 [queued]>
[2024-04-08T15:16:31.322+0000] {taskinstance.py:2193} INFO - Starting attempt 1 of 2
[2024-04-08T15:16:31.393+0000] {taskinstance.py:2217} INFO - Executing <Task(CassandraTableSensor): cassandra_sensor> on 2024-04-08 01:25:00+00:00
[2024-04-08T15:16:31.436+0000] {standard_task_runner.py:60} INFO - Started process 2309 to run task
[2024-04-08T15:16:31.475+0000] {standard_task_runner.py:87} INFO - Running: ['***', 'tasks', 'run', 'cassandra_sensor_dag', 'cassandra_sensor', 'scheduled__2024-04-08T01:25:00+00:00', '--job-id', '154', '--raw', '--subdir', 'DAGS_FOLDER/test.py', '--cfg-path', '/tmp/tmpj_zlcole']
[2024-04-08T15:16:31.530+0000] {standard_task_runner.py:88} INFO - Job 154: Subtask cassandra_sensor
[2024-04-08T15:16:32.382+0000] {task_command.py:423} INFO - Running <TaskInstance: cassandra_sensor_dag.cassandra_sensor scheduled__2024-04-08T01:25:00+00:00 [running]> on host c2d2cc8ff432
[2024-04-08T15:16:33.311+0000] {taskinstance.py:2513} INFO - Exporting env vars: AIRFLOW_CTX_DAG_OWNER='***' AIRFLOW_CTX_DAG_ID='cassandra_sensor_dag' AIRFLOW_CTX_TASK_ID='cassandra_sensor' AIRFLOW_CTX_EXECUTION_DATE='2024-04-08T01:25:00+00:00' AIRFLOW_CTX_TRY_NUMBER='1' AIRFLOW_CTX_DAG_RUN_ID='scheduled__2024-04-08T01:25:00+00:00'
[2024-04-08T15:16:33.336+0000] {table.py:65} INFO - Sensor check existence of table: users
[2024-04-08T15:16:33.487+0000] {base.py:83} INFO - Using connection ID 'cassandra_conn' for task execution.
[2024-04-08T15:16:33.495+0000] {warnings.py:109} WARNING - /home/***/.local/lib/python3.8/site-packages/***/providers/apache/cassandra/hooks/cassandra.py:120: DeprecationWarning: Legacy execution parameters will be removed in 4.0. Consider using execution profiles.
  self.cluster = Cluster(**conn_config)

[2024-04-08T15:16:33.568+0000] {cassandra.py:128} WARNING - Downgrading core protocol version from 66 to 65 for 172.21.0.4:9042. To avoid this, it is best practice to explicitly set Cluster(protocol_version) to the version supported by your cluster. http://datastax.github.io/python-driver/api/cassandra/cluster.html#cassandra.cluster.Cluster.protocol_version
[2024-04-08T15:16:33.587+0000] {cassandra.py:128} WARNING - Downgrading core protocol version from 65 to 5 for 172.21.0.4:9042. To avoid this, it is best practice to explicitly set Cluster(protocol_version) to the version supported by your cluster. http://datastax.github.io/python-driver/api/cassandra/cluster.html#cassandra.cluster.Cluster.protocol_version
[2024-04-08T15:16:33.797+0000] {base.py:295} INFO - Success criteria met. Exiting.
[2024-04-08T15:16:33.890+0000] {taskinstance.py:1149} INFO - Marking task as SUCCESS. dag_id=cassandra_sensor_dag, task_id=cassandra_sensor, execution_date=20240408T012500, start_date=20240408T151631, end_date=20240408T151633
[2024-04-08T15:16:34.065+0000] {local_task_job_runner.py:234} INFO - Task exited with return code 0
[2024-04-08T15:16:35.184+0000] {taskinstance.py:3312} INFO - 0 downstream tasks scheduled from follow-on schedule check
